<?xml version="1.0" encoding="UTF-8"?>
<testsuite name="KrakenConnectionTest" tests="1" skipped="0" failures="1" errors="0" timestamp="2021-11-05T07:56:02" hostname="Milans-MacBook-Pro-3.local" time="1.639">
  <properties/>
  <testcase name="testBuy" classname="KrakenConnectionTest" time="1.639">
    <failure message="java.lang.Exception: Kraken exchange exception: EAPI:Invalid key" type="java.lang.Exception">java.lang.Exception: Kraken exchange exception: EAPI:Invalid key
	at connection.KrakenConnection.checkAndReturnResponse(KrakenConnection.kt:67)
	at connection.KrakenConnection.buy(KrakenConnection.kt:61)
	at KrakenConnectionTest.testBuy(KrakenConnectionTest.kt:48)
	at java.base/jdk.internal.reflect.NativeMethodAccessorImpl.invoke0(Native Method)
	at java.base/jdk.internal.reflect.NativeMethodAccessorImpl.invoke(NativeMethodAccessorImpl.java:62)
	at java.base/jdk.internal.reflect.DelegatingMethodAccessorImpl.invoke(DelegatingMethodAccessorImpl.java:43)
	at java.base/java.lang.reflect.Method.invoke(Method.java:566)
	at org.testng.internal.MethodInvocationHelper.invokeMethod(MethodInvocationHelper.java:124)
	at org.testng.internal.Invoker.invokeMethod(Invoker.java:571)
	at org.testng.internal.Invoker.invokeTestMethod(Invoker.java:707)
	at org.testng.internal.Invoker.invokeTestMethods(Invoker.java:979)
	at org.testng.internal.TestMethodWorker.invokeTestMethods(TestMethodWorker.java:125)
	at org.testng.internal.TestMethodWorker.run(TestMethodWorker.java:109)
	at org.testng.TestRunner.privateRun(TestRunner.java:648)
	at org.testng.TestRunner.run(TestRunner.java:505)
	at org.testng.SuiteRunner.runTest(SuiteRunner.java:455)
	at org.testng.SuiteRunner.runSequentially(SuiteRunner.java:450)
	at org.testng.SuiteRunner.privateRun(SuiteRunner.java:415)
	at org.testng.SuiteRunner.run(SuiteRunner.java:364)
	at org.testng.SuiteRunnerWorker.runSuite(SuiteRunnerWorker.java:52)
	at org.testng.SuiteRunnerWorker.run(SuiteRunnerWorker.java:84)
	at org.testng.TestNG.runSuitesSequentially(TestNG.java:1187)
	at org.testng.TestNG.runSuitesLocally(TestNG.java:1116)
	at org.testng.TestNG.runSuites(TestNG.java:1028)
	at org.testng.TestNG.run(TestNG.java:996)
	at org.gradle.api.internal.tasks.testing.testng.TestNGTestClassProcessor.runTests(TestNGTestClassProcessor.java:141)
	at org.gradle.api.internal.tasks.testing.testng.TestNGTestClassProcessor.stop(TestNGTestClassProcessor.java:90)
	at org.gradle.api.internal.tasks.testing.SuiteTestClassProcessor.stop(SuiteTestClassProcessor.java:61)
	at java.base/jdk.internal.reflect.NativeMethodAccessorImpl.invoke0(Native Method)
	at java.base/jdk.internal.reflect.NativeMethodAccessorImpl.invoke(NativeMethodAccessorImpl.java:62)
	at java.base/jdk.internal.reflect.DelegatingMethodAccessorImpl.invoke(DelegatingMethodAccessorImpl.java:43)
	at java.base/java.lang.reflect.Method.invoke(Method.java:566)
	at org.gradle.internal.dispatch.ReflectionDispatch.dispatch(ReflectionDispatch.java:36)
	at org.gradle.internal.dispatch.ReflectionDispatch.dispatch(ReflectionDispatch.java:24)
	at org.gradle.internal.dispatch.ContextClassLoaderDispatch.dispatch(ContextClassLoaderDispatch.java:33)
	at org.gradle.internal.dispatch.ProxyDispatchAdapter$DispatchingInvocationHandler.invoke(ProxyDispatchAdapter.java:94)
	at com.sun.proxy.$Proxy2.stop(Unknown Source)
	at org.gradle.api.internal.tasks.testing.worker.TestWorker.stop(TestWorker.java:135)
	at java.base/jdk.internal.reflect.NativeMethodAccessorImpl.invoke0(Native Method)
	at java.base/jdk.internal.reflect.NativeMethodAccessorImpl.invoke(NativeMethodAccessorImpl.java:62)
	at java.base/jdk.internal.reflect.DelegatingMethodAccessorImpl.invoke(DelegatingMethodAccessorImpl.java:43)
	at java.base/java.lang.reflect.Method.invoke(Method.java:566)
	at org.gradle.internal.dispatch.ReflectionDispatch.dispatch(ReflectionDispatch.java:36)
	at org.gradle.internal.dispatch.ReflectionDispatch.dispatch(ReflectionDispatch.java:24)
	at org.gradle.internal.remote.internal.hub.MessageHubBackedObjectConnection$DispatchWrapper.dispatch(MessageHubBackedObjectConnection.java:182)
	at org.gradle.internal.remote.internal.hub.MessageHubBackedObjectConnection$DispatchWrapper.dispatch(MessageHubBackedObjectConnection.java:164)
	at org.gradle.internal.remote.internal.hub.MessageHub$Handler.run(MessageHub.java:414)
	at org.gradle.internal.concurrent.ExecutorPolicy$CatchAndRecordFailures.onExecute(ExecutorPolicy.java:64)
	at org.gradle.internal.concurrent.ManagedExecutorImpl$1.run(ManagedExecutorImpl.java:48)
	at java.base/java.util.concurrent.ThreadPoolExecutor.runWorker(ThreadPoolExecutor.java:1128)
	at java.base/java.util.concurrent.ThreadPoolExecutor$Worker.run(ThreadPoolExecutor.java:628)
	at org.gradle.internal.concurrent.ThreadFactoryImpl$ManagedThreadRunnable.run(ThreadFactoryImpl.java:56)
	at java.base/java.lang.Thread.run(Thread.java:834)
</failure>
  </testcase>
  <system-out><![CDATA[]]></system-out>
  <system-err><![CDATA[Nov 05, 2021 8:56:03 AM okhttp3.internal.platform.Platform log
INFO: --> POST https://api.kraken.com/0/private/AddOrder
Nov 05, 2021 8:56:03 AM okhttp3.internal.platform.Platform log
INFO: Content-Length: 123
Nov 05, 2021 8:56:03 AM okhttp3.internal.platform.Platform log
INFO: API-Sign: 415R+4FtUjH8b/RVq/MwRPcErHrM43stkCqBM+A6B9QWbS4CgwjkePcLUgLKIxJTRk5pr3w0ubvj3zMl6Hurbg==
Nov 05, 2021 8:56:03 AM okhttp3.internal.platform.Platform log
INFO: API-Key: 7k3YS66bfG92neV1NrjusbgAMduhz7At2bCpmRZaxLaYvWX5CGMOFpf/
Nov 05, 2021 8:56:03 AM okhttp3.internal.platform.Platform log
INFO: Content-Type: application/x-www-form-urlencoded; charset utf-8
Nov 05, 2021 8:56:03 AM okhttp3.internal.platform.Platform log
INFO: --> END POST
Nov 05, 2021 8:56:04 AM okhttp3.internal.platform.Platform log
INFO: <-- 200 https://api.kraken.com/0/private/AddOrder (664ms)
Nov 05, 2021 8:56:04 AM okhttp3.internal.platform.Platform log
INFO: date: Fri, 05 Nov 2021 07:56:04 GMT
Nov 05, 2021 8:56:04 AM okhttp3.internal.platform.Platform log
INFO: content-type: application/json
Nov 05, 2021 8:56:04 AM okhttp3.internal.platform.Platform log
INFO: cache-control: no-cache, private, max-age=0
Nov 05, 2021 8:56:04 AM okhttp3.internal.platform.Platform log
INFO: strict-transport-security: max-age=15768000
Nov 05, 2021 8:56:04 AM okhttp3.internal.platform.Platform log
INFO: expires: -1
Nov 05, 2021 8:56:04 AM okhttp3.internal.platform.Platform log
INFO: referrer-policy: no-referrer-when-downgrade
Nov 05, 2021 8:56:04 AM okhttp3.internal.platform.Platform log
INFO: cf-cache-status: DYNAMIC
Nov 05, 2021 8:56:04 AM okhttp3.internal.platform.Platform log
INFO: expect-ct: max-age=604800, report-uri="https://report-uri.cloudflare.com/cdn-cgi/beacon/expect-ct"
Nov 05, 2021 8:56:04 AM okhttp3.internal.platform.Platform log
INFO: set-cookie: __cf_bm=0c65f793cb04c26f27d255d69db7f33f056ec40b-1636098964-0-AV9Od7TI8zQ0LsCqqgvVDtVsOCTPnH4Ahb8DvNm1grxnQk+pFhNnIuywCRo31iiHrFJ5OeGevP8/i63AGjvmsB0=; path=/; expires=Fri, 05-Nov-21 08:26:04 GMT; domain=.kraken.com; HttpOnly; Secure; SameSite=None
Nov 05, 2021 8:56:04 AM okhttp3.internal.platform.Platform log
INFO: server: cloudflare
Nov 05, 2021 8:56:04 AM okhttp3.internal.platform.Platform log
INFO: cf-ray: 6a9485fd1f78fc69-ZAG
Nov 05, 2021 8:56:04 AM okhttp3.internal.platform.Platform log
INFO: <-- END HTTP
]]></system-err>
</testsuite>
